f:\deeplearningcuda\deeplearning\x64\release\vc140.pdb
f:\deeplearningcuda\deeplearning\x64\release\settings.obj
f:\deeplearningcuda\deeplearning\x64\release\neuralnetworkcpu.obj
f:\deeplearningcuda\deeplearning\x64\release\main.obj
f:\deeplearningcuda\deeplearning\x64\release\dataset.obj
f:\deeplearningcuda\deeplearning\x64\release\neuralnetworkgpu.obj
f:\deeplearningcuda\deeplearning\x64\release\deeplearning.exe
f:\deeplearningcuda\deeplearning\x64\release\deeplearning.ipdb
f:\deeplearningcuda\deeplearning\x64\release\deeplearning.iobj
f:\deeplearningcuda\deeplearning\x64\release\deeplearning.pdb
f:\deeplearningcuda\deeplearning\x64\release\kernel.cu.cache
f:\deeplearningcuda\deeplearning\x64\release\nnkernels.cu.cache
f:\deeplearningcuda\deeplearning\x64\release\kernel.cu.obj
f:\deeplearningcuda\deeplearning\x64\release\nnkernels.cu.obj
f:\deeplearningcuda\deeplearning\x64\release\deeplearning.tlog\cl.command.1.tlog
f:\deeplearningcuda\deeplearning\x64\release\deeplearning.tlog\cl.read.1.tlog
f:\deeplearningcuda\deeplearning\x64\release\deeplearning.tlog\cl.write.1.tlog
f:\deeplearningcuda\deeplearning\x64\release\deeplearning.tlog\link.command.1.tlog
f:\deeplearningcuda\deeplearning\x64\release\deeplearning.tlog\link.read.1.tlog
f:\deeplearningcuda\deeplearning\x64\release\deeplearning.tlog\link.write.1.tlog
