  
  F:\DeepLearning\DeepLearning>"C:\Program Files\NVIDIA GPU Computing Toolkit\CUDA\v8.0\bin\nvcc.exe" -ccbin "C:\Program Files (x86)\Microsoft Visual Studio 14.0\VC\bin\x86_amd64"  -IF:\DeepLearningCUDA\DeepLearning -I"C:\Program Files\NVIDIA GPU Computing Toolkit\CUDA\v8.0\include" -I"C:\Program Files\NVIDIA GPU Computing Toolkit\CUDA\v8.0\include"  -G   --keep-dir x64\Debug -maxrregcount=0  --machine 64 --compile   -g   -D_CRT_SECURE_NO_WARNINGS -DWIN32 -DWIN64 -D_DEBUG -D_CONSOLE -D_MBCS -D_CRT_SECURE_NO_WARNINGS -Xcompiler "/EHsc /W3 /nologo /Od /FS /Zi /RTC1 /MDd " -o x64\Debug\nnkernels.cu.obj "F:\DeepLearning\DeepLearning\nnkernels.cu" -clean 
CUDACOMPILE : nvcc warning : The 'compute_20', 'sm_20', and 'sm_21' architectures are deprecated, and may be removed in a future release (Use -Wno-deprecated-gpu-targets to suppress warning).
  nnkernels.cu
  Compiling CUDA source file nnkernels.cu...
  
  F:\DeepLearning\DeepLearning>"C:\Program Files\NVIDIA GPU Computing Toolkit\CUDA\v8.0\bin\nvcc.exe" -gencode=arch=compute_20,code=\"sm_20,compute_20\" --use-local-env --cl-version 2015 -ccbin "C:\Program Files (x86)\Microsoft Visual Studio 14.0\VC\bin\x86_amd64"  -IF:\DeepLearningCUDA\DeepLearning -I"C:\Program Files\NVIDIA GPU Computing Toolkit\CUDA\v8.0\include" -I"C:\Program Files\NVIDIA GPU Computing Toolkit\CUDA\v8.0\include"  -G   --keep-dir x64\Debug -maxrregcount=0  --machine 64 --compile -cudart static  -g   -D_CRT_SECURE_NO_WARNINGS -DWIN32 -DWIN64 -D_DEBUG -D_CONSOLE -D_MBCS -D_CRT_SECURE_NO_WARNINGS -Xcompiler "/EHsc /W3 /nologo /Od /FS /Zi /RTC1 /MDd " -o x64\Debug\nnkernels.cu.obj "F:\DeepLearning\DeepLearning\nnkernels.cu" 
CUDACOMPILE : nvcc warning : The 'compute_20', 'sm_20', and 'sm_21' architectures are deprecated, and may be removed in a future release (Use -Wno-deprecated-gpu-targets to suppress warning).
  nnkernels.cu
  utils.cpp
  settings.cpp
  neuralnetworkgpu.cpp
  neuralnetworkcpu.cpp
  main.cpp
  dataset.cpp
  Generating Code...
  DeepLearning.vcxproj -> F:\DeepLearning\DeepLearning\x64\Debug\DeepLearning.exe
  DeepLearning.vcxproj -> F:\DeepLearning\DeepLearning\x64\Debug\DeepLearning.pdb (Full PDB)
  copy "C:\Program Files\NVIDIA GPU Computing Toolkit\CUDA\v8.0\bin\cudart*.dll" "F:\DeepLearning\DeepLearning\x64\Debug\"
  C:\Program Files\NVIDIA GPU Computing Toolkit\CUDA\v8.0\bin\cudart32_80.dll
  C:\Program Files\NVIDIA GPU Computing Toolkit\CUDA\v8.0\bin\cudart64_80.dll
          2 file(s) copied.
